c:\users\sina\desktop\mykernelmoderdriver\mykernelmoderdriver\x64\release\vc140.pdb
c:\users\sina\desktop\mykernelmoderdriver\mykernelmoderdriver\x64\release\driver.obj
c:\users\sina\desktop\mykernelmoderdriver\x64\release\mykernelmoderdriver\mykernelmoderdriver.cat
c:\users\sina\desktop\mykernelmoderdriver\x64\release\mykernelmoderdriver.sys
c:\users\sina\desktop\mykernelmoderdriver\x64\release\mykernelmoderdriver.pdb
c:\users\sina\desktop\mykernelmoderdriver\mykernelmoderdriver\x64\release\source.obj
c:\users\sina\desktop\mykernelmoderdriver\mykernelmoderdriver\x64\release\mykernelmoderdriver.inf
c:\users\sina\desktop\mykernelmoderdriver\x64\release\mykernelmoderdriver.cer
c:\users\sina\desktop\mykernelmoderdriver\x64\release\mykernelmoderdriver.inf
c:\users\sina\desktop\mykernelmoderdriver\mykernelmoderdriver\x64\release\mykernel.6032e6f2.tlog\cl.command.1.tlog
c:\users\sina\desktop\mykernelmoderdriver\mykernelmoderdriver\x64\release\mykernel.6032e6f2.tlog\cl.read.1.tlog
c:\users\sina\desktop\mykernelmoderdriver\mykernelmoderdriver\x64\release\mykernel.6032e6f2.tlog\cl.write.1.tlog
c:\users\sina\desktop\mykernelmoderdriver\mykernelmoderdriver\x64\release\mykernel.6032e6f2.tlog\inf2cat-expand.10300.read.1.tlog
c:\users\sina\desktop\mykernelmoderdriver\mykernelmoderdriver\x64\release\mykernel.6032e6f2.tlog\inf2cat-expand.10300.write.1.tlog
c:\users\sina\desktop\mykernelmoderdriver\mykernelmoderdriver\x64\release\mykernel.6032e6f2.tlog\inf2cat-expand.10988.read.1.tlog
c:\users\sina\desktop\mykernelmoderdriver\mykernelmoderdriver\x64\release\mykernel.6032e6f2.tlog\inf2cat-expand.10988.write.1.tlog
c:\users\sina\desktop\mykernelmoderdriver\mykernelmoderdriver\x64\release\mykernel.6032e6f2.tlog\inf2cat-expand.11424.read.1.tlog
c:\users\sina\desktop\mykernelmoderdriver\mykernelmoderdriver\x64\release\mykernel.6032e6f2.tlog\inf2cat-expand.11424.write.1.tlog
c:\users\sina\desktop\mykernelmoderdriver\mykernelmoderdriver\x64\release\mykernel.6032e6f2.tlog\inf2cat-expand.11672.read.1.tlog
c:\users\sina\desktop\mykernelmoderdriver\mykernelmoderdriver\x64\release\mykernel.6032e6f2.tlog\inf2cat-expand.11672.write.1.tlog
c:\users\sina\desktop\mykernelmoderdriver\mykernelmoderdriver\x64\release\mykernel.6032e6f2.tlog\inf2cat-expand.11920.read.1.tlog
c:\users\sina\desktop\mykernelmoderdriver\mykernelmoderdriver\x64\release\mykernel.6032e6f2.tlog\inf2cat-expand.11920.write.1.tlog
c:\users\sina\desktop\mykernelmoderdriver\mykernelmoderdriver\x64\release\mykernel.6032e6f2.tlog\inf2cat-expand.12156.read.1.tlog
c:\users\sina\desktop\mykernelmoderdriver\mykernelmoderdriver\x64\release\mykernel.6032e6f2.tlog\inf2cat-expand.12156.write.1.tlog
c:\users\sina\desktop\mykernelmoderdriver\mykernelmoderdriver\x64\release\mykernel.6032e6f2.tlog\inf2cat-expand.12260.read.1.tlog
c:\users\sina\desktop\mykernelmoderdriver\mykernelmoderdriver\x64\release\mykernel.6032e6f2.tlog\inf2cat-expand.12260.write.1.tlog
c:\users\sina\desktop\mykernelmoderdriver\mykernelmoderdriver\x64\release\mykernel.6032e6f2.tlog\inf2cat-expand.12544.read.1.tlog
c:\users\sina\desktop\mykernelmoderdriver\mykernelmoderdriver\x64\release\mykernel.6032e6f2.tlog\inf2cat-expand.12544.write.1.tlog
c:\users\sina\desktop\mykernelmoderdriver\mykernelmoderdriver\x64\release\mykernel.6032e6f2.tlog\inf2cat-expand.12560.read.1.tlog
c:\users\sina\desktop\mykernelmoderdriver\mykernelmoderdriver\x64\release\mykernel.6032e6f2.tlog\inf2cat-expand.12560.write.1.tlog
c:\users\sina\desktop\mykernelmoderdriver\mykernelmoderdriver\x64\release\mykernel.6032e6f2.tlog\inf2cat-expand.12564.read.1.tlog
c:\users\sina\desktop\mykernelmoderdriver\mykernelmoderdriver\x64\release\mykernel.6032e6f2.tlog\inf2cat-expand.12564.write.1.tlog
c:\users\sina\desktop\mykernelmoderdriver\mykernelmoderdriver\x64\release\mykernel.6032e6f2.tlog\inf2cat-expand.12680.read.1.tlog
c:\users\sina\desktop\mykernelmoderdriver\mykernelmoderdriver\x64\release\mykernel.6032e6f2.tlog\inf2cat-expand.12680.write.1.tlog
c:\users\sina\desktop\mykernelmoderdriver\mykernelmoderdriver\x64\release\mykernel.6032e6f2.tlog\inf2cat-expand.12820.read.1.tlog
c:\users\sina\desktop\mykernelmoderdriver\mykernelmoderdriver\x64\release\mykernel.6032e6f2.tlog\inf2cat-expand.12820.write.1.tlog
c:\users\sina\desktop\mykernelmoderdriver\mykernelmoderdriver\x64\release\mykernel.6032e6f2.tlog\inf2cat-expand.12848.read.1.tlog
c:\users\sina\desktop\mykernelmoderdriver\mykernelmoderdriver\x64\release\mykernel.6032e6f2.tlog\inf2cat-expand.12848.write.1.tlog
c:\users\sina\desktop\mykernelmoderdriver\mykernelmoderdriver\x64\release\mykernel.6032e6f2.tlog\inf2cat-expand.252.read.1.tlog
c:\users\sina\desktop\mykernelmoderdriver\mykernelmoderdriver\x64\release\mykernel.6032e6f2.tlog\inf2cat-expand.252.write.1.tlog
c:\users\sina\desktop\mykernelmoderdriver\mykernelmoderdriver\x64\release\mykernel.6032e6f2.tlog\inf2cat-expand.2840.read.1.tlog
c:\users\sina\desktop\mykernelmoderdriver\mykernelmoderdriver\x64\release\mykernel.6032e6f2.tlog\inf2cat-expand.2840.write.1.tlog
c:\users\sina\desktop\mykernelmoderdriver\mykernelmoderdriver\x64\release\mykernel.6032e6f2.tlog\inf2cat-expand.4376.read.1.tlog
c:\users\sina\desktop\mykernelmoderdriver\mykernelmoderdriver\x64\release\mykernel.6032e6f2.tlog\inf2cat-expand.4376.write.1.tlog
c:\users\sina\desktop\mykernelmoderdriver\mykernelmoderdriver\x64\release\mykernel.6032e6f2.tlog\inf2cat-expand.4596.read.1.tlog
c:\users\sina\desktop\mykernelmoderdriver\mykernelmoderdriver\x64\release\mykernel.6032e6f2.tlog\inf2cat-expand.4596.write.1.tlog
c:\users\sina\desktop\mykernelmoderdriver\mykernelmoderdriver\x64\release\mykernel.6032e6f2.tlog\inf2cat-expand.5640.read.1.tlog
c:\users\sina\desktop\mykernelmoderdriver\mykernelmoderdriver\x64\release\mykernel.6032e6f2.tlog\inf2cat-expand.5640.write.1.tlog
c:\users\sina\desktop\mykernelmoderdriver\mykernelmoderdriver\x64\release\mykernel.6032e6f2.tlog\inf2cat-expand.6168.read.1.tlog
c:\users\sina\desktop\mykernelmoderdriver\mykernelmoderdriver\x64\release\mykernel.6032e6f2.tlog\inf2cat-expand.6168.write.1.tlog
c:\users\sina\desktop\mykernelmoderdriver\mykernelmoderdriver\x64\release\mykernel.6032e6f2.tlog\inf2cat-expand.6424.read.1.tlog
c:\users\sina\desktop\mykernelmoderdriver\mykernelmoderdriver\x64\release\mykernel.6032e6f2.tlog\inf2cat-expand.6424.write.1.tlog
c:\users\sina\desktop\mykernelmoderdriver\mykernelmoderdriver\x64\release\mykernel.6032e6f2.tlog\inf2cat-expand.6936.read.1.tlog
c:\users\sina\desktop\mykernelmoderdriver\mykernelmoderdriver\x64\release\mykernel.6032e6f2.tlog\inf2cat-expand.6936.write.1.tlog
c:\users\sina\desktop\mykernelmoderdriver\mykernelmoderdriver\x64\release\mykernel.6032e6f2.tlog\inf2cat-expand.8048.read.1.tlog
c:\users\sina\desktop\mykernelmoderdriver\mykernelmoderdriver\x64\release\mykernel.6032e6f2.tlog\inf2cat-expand.8048.write.1.tlog
c:\users\sina\desktop\mykernelmoderdriver\mykernelmoderdriver\x64\release\mykernel.6032e6f2.tlog\inf2cat-expand.8128.read.1.tlog
c:\users\sina\desktop\mykernelmoderdriver\mykernelmoderdriver\x64\release\mykernel.6032e6f2.tlog\inf2cat-expand.8128.write.1.tlog
c:\users\sina\desktop\mykernelmoderdriver\mykernelmoderdriver\x64\release\mykernel.6032e6f2.tlog\inf2cat-expand.9668.read.1.tlog
c:\users\sina\desktop\mykernelmoderdriver\mykernelmoderdriver\x64\release\mykernel.6032e6f2.tlog\inf2cat-expand.9668.write.1.tlog
c:\users\sina\desktop\mykernelmoderdriver\mykernelmoderdriver\x64\release\mykernel.6032e6f2.tlog\inf2cat-expand.9692.read.1.tlog
c:\users\sina\desktop\mykernelmoderdriver\mykernelmoderdriver\x64\release\mykernel.6032e6f2.tlog\inf2cat-expand.9692.write.1.tlog
c:\users\sina\desktop\mykernelmoderdriver\mykernelmoderdriver\x64\release\mykernel.6032e6f2.tlog\inf2cat-expand.read.1.tlog
c:\users\sina\desktop\mykernelmoderdriver\mykernelmoderdriver\x64\release\mykernel.6032e6f2.tlog\inf2cat-expand.write.1.tlog
c:\users\sina\desktop\mykernelmoderdriver\mykernelmoderdriver\x64\release\mykernel.6032e6f2.tlog\inf2cat.command.1.tlog
c:\users\sina\desktop\mykernelmoderdriver\mykernelmoderdriver\x64\release\mykernel.6032e6f2.tlog\inf2cat.read.1.tlog
c:\users\sina\desktop\mykernelmoderdriver\mykernelmoderdriver\x64\release\mykernel.6032e6f2.tlog\inf2cat.read.9.tlog
c:\users\sina\desktop\mykernelmoderdriver\mykernelmoderdriver\x64\release\mykernel.6032e6f2.tlog\inf2cat.write.1.tlog
c:\users\sina\desktop\mykernelmoderdriver\mykernelmoderdriver\x64\release\mykernel.6032e6f2.tlog\inf2cat.write.9.tlog
c:\users\sina\desktop\mykernelmoderdriver\mykernelmoderdriver\x64\release\mykernel.6032e6f2.tlog\link.command.1.tlog
c:\users\sina\desktop\mykernelmoderdriver\mykernelmoderdriver\x64\release\mykernel.6032e6f2.tlog\link.read.1.tlog
c:\users\sina\desktop\mykernelmoderdriver\mykernelmoderdriver\x64\release\mykernel.6032e6f2.tlog\link.write.1.tlog
c:\users\sina\desktop\mykernelmoderdriver\mykernelmoderdriver\x64\release\mykernel.6032e6f2.tlog\mykernelmoderdriver.write.1u.tlog
c:\users\sina\desktop\mykernelmoderdriver\mykernelmoderdriver\x64\release\mykernel.6032e6f2.tlog\signtool.command.1.tlog
c:\users\sina\desktop\mykernelmoderdriver\mykernelmoderdriver\x64\release\mykernel.6032e6f2.tlog\signtool.read.1.tlog
c:\users\sina\desktop\mykernelmoderdriver\mykernelmoderdriver\x64\release\mykernel.6032e6f2.tlog\signtool.timestamp.1.tlog
c:\users\sina\desktop\mykernelmoderdriver\mykernelmoderdriver\x64\release\mykernel.6032e6f2.tlog\signtool.write.1.tlog
c:\users\sina\desktop\mykernelmoderdriver\mykernelmoderdriver\x64\release\mykernel.6032e6f2.tlog\stampinf.command.1.tlog
c:\users\sina\desktop\mykernelmoderdriver\mykernelmoderdriver\x64\release\mykernel.6032e6f2.tlog\stampinf.read.1.tlog
c:\users\sina\desktop\mykernelmoderdriver\mykernelmoderdriver\x64\release\mykernel.6032e6f2.tlog\stampinf.write.1.tlog
